2021-02-17 15:39:54,884 INFO  [org.jboss.modules] (main) JBoss Modules version 1.11.0.Final
2021-02-17 15:39:57,995 INFO  [org.jboss.msc] (main) JBoss MSC version 1.4.12.Final
2021-02-17 15:39:58,020 INFO  [org.jboss.threads] (main) JBoss Threads version 2.4.0.Final
2021-02-17 15:39:58,276 INFO  [org.jboss.as] (MSC service thread 1-2) WFLYSRV0049: WildFly Full 22.0.1.Final (WildFly Core 14.0.1.Final) starting
2021-02-17 15:39:58,278 DEBUG [org.jboss.as.config] (MSC service thread 1-2) Configured system properties:
	file.encoding = UTF-8
	file.separator = \
	java.awt.headless = true
	java.class.path = C:\Users\Flo\Desktop\wildfly-22.0.1.Final\jboss-modules.jar
	java.class.version = 57.0
	java.home = C:\Program Files\Java\jdk-13
	java.io.tmpdir = C:\Users\Flo\AppData\Local\Temp\
	java.library.path = C:\Program Files\Java\jdk-13\bin;C:\WINDOWS\Sun\Java\bin;C:\WINDOWS\system32;C:\WINDOWS;native;C:/Program Files/Java/jdk-13/bin/server;C:/Program Files/Java/jdk-13/bin;C:\Program Files\Java\jdk-13\bin;c:\python38\scripts\;c:\python38\;c:\program files (x86)\common files\oracle\java\javapath;c:\windows\system32;c:\windows;c:\windows\system32\wbem;c:\windows\system32\windowspowershell\v1.0\;c:\windows\system32\openssh\;c:\program files (x86)\gtksharp\2.12\bin;c:\program files\git\cmd;c:\program files\dotnet\;c:\program files\actiona;c:\program files\microsoft sql server\130\tools\binn\;c:\program files\microsoft sql server\client sdk\odbc\170\tools\binn\;c:\windows\system32;c:\windows;c:\windows\system32\wbem;c:\windows\system32\windowspowershell\v1.0\;c:\windows\system32\openssh\;c:\program files\nvidia corporation\nvidia nvdlisr;c:\programdata\chocolatey\bin;C:\Program Files (x86)\NVIDIA Corporation\PhysX\Common;C:\Program Files\nodejs\;C:\Program Files\Inkscape\bin;C:\Program Files (x86)\Microsoft SQL Server\150\Tools\Binn\;C:\Program Files\Microsoft SQL Server\150\Tools\Binn\;C:\Program Files\Microsoft SQL Server\150\DTS\Binn\;C:\Program Files (x86)\Microsoft SQL Server\150\DTS\Binn\;C:\wamp64\bin\php\php7.0.33;C:\ProgramData\ComposerSetup\bin;C:\Users\Flo\AppData\Local\Microsoft\WindowsApps;C:\Users\Flo\AppData\Local\Programs\Microsoft VS Code\bin;C:\Program Files\Java\jdk-12.0.1\bin;C:\Users\Flo\.dotnet\tools;C:\Users\Flo\AppData\Local\Microsoft\WindowsApps;C:\Users\Flo\AppData\Roaming\npm;C:\Users\Flo\AppData\Local\GitHubDesktop\bin;C:\Users\Flo\AppData\Local\gitkraken\bin;C:\Users\Flo\AppData\Roaming\Composer\vendor\bin;C:\WINDOWS\system32;;.
	java.net.preferIPv4Stack = true
	java.runtime.name = OpenJDK Runtime Environment
	java.runtime.version = 13+33
	java.specification.name = Java Platform API Specification
	java.specification.vendor = Oracle Corporation
	java.specification.version = 13
	java.util.logging.manager = org.jboss.logmanager.LogManager
	java.vendor = Oracle Corporation
	java.vendor.url = https://java.oracle.com/
	java.vendor.url.bug = https://bugreport.java.com/bugreport/
	java.version = 13
	java.version.date = 2019-09-17
	java.vm.compressedOopsMode = 32-bit
	java.vm.info = mixed mode, sharing
	java.vm.name = OpenJDK 64-Bit Server VM
	java.vm.specification.name = Java Virtual Machine Specification
	java.vm.specification.vendor = Oracle Corporation
	java.vm.specification.version = 13
	java.vm.vendor = Oracle Corporation
	java.vm.version = 13+33
	javax.management.builder.initial = org.jboss.as.jmx.PluggableMBeanServerBuilder
	jboss.bind.address = localhost
	jboss.bind.address.management = localhost
	jboss.home.dir = C:\Users\Flo\Desktop\wildfly-22.0.1.Final
	jboss.host.name = flo-pc
	jboss.modules.dir = C:\Users\Flo\Desktop\wildfly-22.0.1.Final\modules
	jboss.modules.system.pkgs = org.jboss.byteman
	jboss.node.name = flo-pc
	jboss.qualified.host.name = flo-pc
	jboss.server.base.dir = C:\Users\Flo\Desktop\wildfly-22.0.1.Final\standalone
	jboss.server.config.dir = C:\Users\Flo\Desktop\wildfly-22.0.1.Final\standalone\configuration
	jboss.server.data.dir = C:\Users\Flo\Desktop\wildfly-22.0.1.Final\standalone\data
	jboss.server.deploy.dir = C:\Users\Flo\Desktop\wildfly-22.0.1.Final\standalone\data\content
	jboss.server.log.dir = C:\Users\Flo\Desktop\wildfly-22.0.1.Final\standalone\log
	jboss.server.name = flo-pc
	jboss.server.persist.config = true
	jboss.server.temp.dir = C:\Users\Flo\Desktop\wildfly-22.0.1.Final\standalone\tmp
	jdk.debug = release
	line.separator = 

	logging.configuration = file:C:\Users\Flo\Desktop\wildfly-22.0.1.Final\standalone\configuration\logging.properties
	module.path = C:\Users\Flo\Desktop\wildfly-22.0.1.Final\modules
	org.jboss.boot.log.file = C:\Users\Flo\Desktop\wildfly-22.0.1.Final\standalone\log\boot.log
	org.jboss.logmanager.nocolor = true
	org.jboss.resolver.warning = true
	os.arch = amd64
	os.name = Windows 10
	os.version = 10.0
	path.separator = ;
	program.name = JBossTools: WildFly 22
	sun.arch.data.model = 64
	sun.boot.library.path = C:\Program Files\Java\jdk-13\bin
	sun.cpu.endian = little
	sun.cpu.isalist = amd64
	sun.io.unicode.encoding = UnicodeLittle
	sun.java.command = org.jboss.modules.Main -mp C:\Users\Flo\Desktop\wildfly-22.0.1.Final\modules org.jboss.as.standalone -b localhost --server-config=standalone.xml -Djboss.server.base.dir=C:\Users\Flo\Desktop\wildfly-22.0.1.Final\standalone
	sun.java.launcher = SUN_STANDARD
	sun.jnu.encoding = Cp1252
	sun.management.compiler = HotSpot 64-Bit Tiered Compilers
	sun.os.patch.level = 
	sun.rmi.dgc.client.gcInterval = 3600000
	sun.rmi.dgc.server.gcInterval = 3600000
	user.country = FR
	user.dir = C:\Users\Flo\Desktop\wildfly-22.0.1.Final\bin
	user.home = C:\Users\Flo
	user.language = fr
	user.name = Flo
	user.script = 
	user.timezone = Europe/Paris
	user.variant = 
2021-02-17 15:39:58,281 DEBUG [org.jboss.as.config] (MSC service thread 1-2) VM Arguments: -Dprogram.name=JBossTools: WildFly 22 -Xms64m -Xmx512m -Dorg.jboss.resolver.warning=true -Djava.net.preferIPv4Stack=true -Dsun.rmi.dgc.client.gcInterval=3600000 -Dsun.rmi.dgc.server.gcInterval=3600000 -Djboss.modules.system.pkgs=org.jboss.byteman -Djava.awt.headless=true -Dorg.jboss.boot.log.file=C:\Users\Flo\Desktop\wildfly-22.0.1.Final\standalone\log\boot.log -Dlogging.configuration=file:C:\Users\Flo\Desktop\wildfly-22.0.1.Final\standalone\configuration\logging.properties -Djboss.home.dir=C:\Users\Flo\Desktop\wildfly-22.0.1.Final -Dorg.jboss.logmanager.nocolor=true --add-exports=java.base/sun.nio.ch=ALL-UNNAMED --add-exports=jdk.unsupported/sun.misc=ALL-UNNAMED --add-exports=jdk.unsupported/sun.reflect=ALL-UNNAMED --add-modules=java.se -Djboss.bind.address.management=localhost -Dfile.encoding=UTF-8 
2021-02-17 15:39:59,758 INFO  [org.wildfly.security] (ServerService Thread Pool -- 28) ELY00001: WildFly Elytron version 1.14.1.Final
2021-02-17 15:40:00,980 INFO  [org.jboss.as.controller.management-deprecated] (Controller Boot Thread) WFLYCTL0028: Attribute 'security-realm' in the resource at address '/core-service=management/management-interface=http-interface' is deprecated, and may be removed in a future version. See the attribute description in the output of the read-resource-description operation to learn more about the deprecation.
2021-02-17 15:40:01,075 INFO  [org.jboss.as.controller.management-deprecated] (ServerService Thread Pool -- 3) WFLYCTL0028: Attribute 'security-realm' in the resource at address '/subsystem=undertow/server=default-server/https-listener=https' is deprecated, and may be removed in a future version. See the attribute description in the output of the read-resource-description operation to learn more about the deprecation.
2021-02-17 15:40:01,241 INFO  [org.jboss.as.server] (Controller Boot Thread) WFLYSRV0039: Creating http management service using socket-binding (management-http)
2021-02-17 15:40:01,272 INFO  [org.xnio] (MSC service thread 1-5) XNIO version 3.8.4.Final
2021-02-17 15:40:01,280 INFO  [org.xnio.nio] (MSC service thread 1-5) XNIO NIO Implementation Version 3.8.4.Final
2021-02-17 15:40:01,375 INFO  [org.wildfly.extension.microprofile.config.smallrye._private] (ServerService Thread Pool -- 63) WFLYCONF0001: Activating WildFly MicroProfile Config Subsystem
2021-02-17 15:40:01,381 INFO  [org.jboss.as.naming] (ServerService Thread Pool -- 66) WFLYNAM0001: Activating Naming Subsystem
2021-02-17 15:40:01,393 INFO  [org.jboss.as.security] (ServerService Thread Pool -- 72) WFLYSEC0002: Activating Security Subsystem
2021-02-17 15:40:01,411 INFO  [org.jboss.as.clustering.infinispan] (ServerService Thread Pool -- 53) WFLYCLINF0001: Activating Infinispan subsystem.
2021-02-17 15:40:01,423 INFO  [org.wildfly.extension.microprofile.opentracing] (ServerService Thread Pool -- 65) WFLYTRACEXT0001: Activating MicroProfile OpenTracing Subsystem
2021-02-17 15:40:01,459 INFO  [org.jboss.as.webservices] (ServerService Thread Pool -- 76) WFLYWS0002: Activating WebServices Extension
2021-02-17 15:40:01,467 INFO  [org.wildfly.extension.microprofile.jwt.smallrye._private] (ServerService Thread Pool -- 64) WFLYJWT0001: Activating WildFly MicroProfile JWT Subsystem
2021-02-17 15:40:01,405 WARN  [org.jboss.as.txn] (ServerService Thread Pool -- 74) WFLYTX0013: The node-identifier attribute on the /subsystem=transactions is set to the default value. This is a danger for environments running multiple servers. Please make sure the attribute value is unique.
2021-02-17 15:40:01,486 INFO  [org.wildfly.extension.metrics] (ServerService Thread Pool -- 62) WFLYMETRICS0001: Activating Base Metrics Subsystem
2021-02-17 15:40:01,480 INFO  [org.jboss.as.mail.extension] (MSC service thread 1-3) WFLYMAIL0001: Bound mail session [java:jboss/mail/Default]
2021-02-17 15:40:01,476 INFO  [org.jboss.as.naming] (MSC service thread 1-8) WFLYNAM0003: Starting Naming Service
2021-02-17 15:40:01,496 INFO  [org.wildfly.extension.health] (ServerService Thread Pool -- 52) WFLYHEALTH0001: Activating Base Health Subsystem
2021-02-17 15:40:01,500 INFO  [org.jboss.as.security] (MSC service thread 1-7) WFLYSEC0001: Current PicketBox version=5.0.3.Final-redhat-00007
2021-02-17 15:40:01,507 INFO  [org.jboss.as.jsf] (ServerService Thread Pool -- 60) WFLYJSF0007: Activated the following JSF Implementations: [main]
2021-02-17 15:40:01,530 INFO  [org.jboss.as.connector] (MSC service thread 1-1) WFLYJCA0009: Starting JCA Subsystem (WildFly/IronJacamar @VERSION@)
2021-02-17 15:40:01,635 INFO  [org.wildfly.extension.io] (ServerService Thread Pool -- 54) WFLYIO001: Worker 'default' has auto-configured to 8 IO threads with 64 max task threads based on your 4 available processors
2021-02-17 15:40:01,777 INFO  [org.jboss.as.connector.subsystems.datasources] (ServerService Thread Pool -- 44) WFLYJCA0004: Deploying JDBC-compliant driver class org.h2.Driver (version 1.4)
2021-02-17 15:40:01,895 INFO  [org.wildfly.extension.undertow] (MSC service thread 1-6) WFLYUT0003: Undertow 2.2.4.Final starting
2021-02-17 15:40:01,956 INFO  [org.jboss.as.connector.deployers.jdbc] (MSC service thread 1-3) WFLYJCA0018: Started Driver service with driver-name = h2
2021-02-17 15:40:02,085 INFO  [org.jboss.remoting] (MSC service thread 1-8) JBoss Remoting version 5.0.20.Final
2021-02-17 15:40:02,078 INFO  [org.jboss.as.jaxrs] (ServerService Thread Pool -- 55) WFLYRS0016: RESTEasy version 3.14.0.Final
2021-02-17 15:40:02,283 INFO  [org.wildfly.extension.undertow] (ServerService Thread Pool -- 75) WFLYUT0014: Creating file handler for path 'C:\Users\Flo\Desktop\wildfly-22.0.1.Final/welcome-content' with options [directory-listing: 'false', follow-symlink: 'false', case-sensitive: 'true', safe-symlink-paths: '[]']
2021-02-17 15:40:02,307 WARN  [org.wildfly.extension.elytron] (MSC service thread 1-6) WFLYELY00023: KeyStore file 'C:\Users\Flo\Desktop\wildfly-22.0.1.Final\standalone\configuration\application.keystore' does not exist. Used blank.
2021-02-17 15:40:02,373 WARN  [org.wildfly.extension.elytron] (MSC service thread 1-3) WFLYELY01084: KeyStore C:\Users\Flo\Desktop\wildfly-22.0.1.Final\standalone\configuration\application.keystore not found, it will be auto generated on first use with a self-signed certificate for host localhost
2021-02-17 15:40:02,441 INFO  [org.jboss.as.ejb3] (MSC service thread 1-6) WFLYEJB0481: Strict pool slsb-strict-max-pool is using a max instance size of 64 (per class), which is derived from thread worker pool sizing.
2021-02-17 15:40:02,443 INFO  [org.jboss.as.ejb3] (MSC service thread 1-1) WFLYEJB0482: Strict pool mdb-strict-max-pool is using a max instance size of 16 (per class), which is derived from the number of CPUs on this host.
2021-02-17 15:40:02,459 INFO  [org.wildfly.extension.undertow] (MSC service thread 1-1) WFLYUT0012: Started server default-server.
2021-02-17 15:40:02,465 INFO  [org.wildfly.extension.undertow] (MSC service thread 1-8) WFLYUT0018: Host default-host starting
2021-02-17 15:40:02,966 INFO  [org.jboss.as.patching] (MSC service thread 1-1) WFLYPAT0050: WildFly Full cumulative patch ID is: base, one-off patches include: none
2021-02-17 15:40:02,983 WARN  [org.jboss.as.domain.management.security] (MSC service thread 1-1) WFLYDM0111: Keystore C:\Users\Flo\Desktop\wildfly-22.0.1.Final\standalone\configuration\application.keystore not found, it will be auto generated on first use with a self signed certificate for host localhost
