2021-02-18 10:10:55,623 INFO  [org.jboss.modules] (main) JBoss Modules version 1.11.0.Final
2021-02-18 10:10:56,943 INFO  [org.jboss.msc] (main) JBoss MSC version 1.4.12.Final
2021-02-18 10:10:56,956 INFO  [org.jboss.threads] (main) JBoss Threads version 2.4.0.Final
2021-02-18 10:10:57,174 INFO  [org.jboss.as] (MSC service thread 1-2) WFLYSRV0049: WildFly Full 22.0.1.Final (WildFly Core 14.0.1.Final) starting
2021-02-18 10:10:57,177 DEBUG [org.jboss.as.config] (MSC service thread 1-2) Configured system properties:
	file.encoding = UTF-8
	file.separator = \
	java.awt.headless = true
	java.class.path = C:\Users\Flo\Documents\_Cours\REST API\API_REST_JAVA\wildfly-22.0.1.Final\jboss-modules.jar
	java.class.version = 57.0
	java.home = C:\Program Files\Java\jdk-13
	java.io.tmpdir = C:\Users\Flo\AppData\Local\Temp\
	java.library.path = C:\Program Files\Java\jdk-13\bin;C:\WINDOWS\Sun\Java\bin;C:\WINDOWS\system32;C:\WINDOWS;native;C:/Program Files/Java/jdk-13/bin/server;C:/Program Files/Java/jdk-13/bin;C:\Program Files\Java\jdk-13\bin;c:\python38\scripts\;c:\python38\;c:\program files (x86)\common files\oracle\java\javapath;c:\windows\system32;c:\windows;c:\windows\system32\wbem;c:\windows\system32\windowspowershell\v1.0\;c:\windows\system32\openssh\;c:\program files (x86)\gtksharp\2.12\bin;c:\program files\git\cmd;c:\program files\dotnet\;c:\program files\actiona;c:\program files\microsoft sql server\130\tools\binn\;c:\program files\microsoft sql server\client sdk\odbc\170\tools\binn\;c:\windows\system32;c:\windows;c:\windows\system32\wbem;c:\windows\system32\windowspowershell\v1.0\;c:\windows\system32\openssh\;c:\program files\nvidia corporation\nvidia nvdlisr;c:\programdata\chocolatey\bin;C:\Program Files (x86)\NVIDIA Corporation\PhysX\Common;C:\Program Files\nodejs\;C:\Program Files\Inkscape\bin;C:\Program Files (x86)\Microsoft SQL Server\150\Tools\Binn\;C:\Program Files\Microsoft SQL Server\150\Tools\Binn\;C:\Program Files\Microsoft SQL Server\150\DTS\Binn\;C:\Program Files (x86)\Microsoft SQL Server\150\DTS\Binn\;C:\wamp64\bin\php\php7.0.33;C:\ProgramData\ComposerSetup\bin;C:\Users\Flo\AppData\Local\Microsoft\WindowsApps;C:\Users\Flo\AppData\Local\Programs\Microsoft VS Code\bin;C:\Program Files\Java\jdk-12.0.1\bin;C:\Users\Flo\.dotnet\tools;C:\Users\Flo\AppData\Local\Microsoft\WindowsApps;C:\Users\Flo\AppData\Roaming\npm;C:\Users\Flo\AppData\Local\GitHubDesktop\bin;C:\Users\Flo\AppData\Local\gitkraken\bin;C:\Users\Flo\AppData\Roaming\Composer\vendor\bin;C:\WINDOWS\system32;;.
	java.net.preferIPv4Stack = true
	java.runtime.name = OpenJDK Runtime Environment
	java.runtime.version = 13+33
	java.specification.name = Java Platform API Specification
	java.specification.vendor = Oracle Corporation
	java.specification.version = 13
	java.util.logging.manager = org.jboss.logmanager.LogManager
	java.vendor = Oracle Corporation
	java.vendor.url = https://java.oracle.com/
	java.vendor.url.bug = https://bugreport.java.com/bugreport/
	java.version = 13
	java.version.date = 2019-09-17
	java.vm.compressedOopsMode = 32-bit
	java.vm.info = mixed mode, sharing
	java.vm.name = OpenJDK 64-Bit Server VM
	java.vm.specification.name = Java Virtual Machine Specification
	java.vm.specification.vendor = Oracle Corporation
	java.vm.specification.version = 13
	java.vm.vendor = Oracle Corporation
	java.vm.version = 13+33
	javax.management.builder.initial = org.jboss.as.jmx.PluggableMBeanServerBuilder
	jboss.bind.address = localhost
	jboss.bind.address.management = localhost
	jboss.home.dir = C:\Users\Flo\Documents\_Cours\REST API\API_REST_JAVA\wildfly-22.0.1.Final
	jboss.host.name = flo-pc
	jboss.modules.dir = C:\Users\Flo\Documents\_Cours\REST API\API_REST_JAVA\wildfly-22.0.1.Final\modules
	jboss.modules.system.pkgs = org.jboss.byteman
	jboss.node.name = flo-pc
	jboss.qualified.host.name = flo-pc
	jboss.server.base.dir = C:\Users\Flo\Documents\_Cours\REST API\API_REST_JAVA\wildfly-22.0.1.Final\standalone
	jboss.server.config.dir = C:\Users\Flo\Documents\_Cours\REST API\API_REST_JAVA\wildfly-22.0.1.Final\standalone\configuration
	jboss.server.data.dir = C:\Users\Flo\Documents\_Cours\REST API\API_REST_JAVA\wildfly-22.0.1.Final\standalone\data
	jboss.server.deploy.dir = C:\Users\Flo\Documents\_Cours\REST API\API_REST_JAVA\wildfly-22.0.1.Final\standalone\data\content
	jboss.server.log.dir = C:\Users\Flo\Documents\_Cours\REST API\API_REST_JAVA\wildfly-22.0.1.Final\standalone\log
	jboss.server.name = flo-pc
	jboss.server.persist.config = true
	jboss.server.temp.dir = C:\Users\Flo\Documents\_Cours\REST API\API_REST_JAVA\wildfly-22.0.1.Final\standalone\tmp
	jdk.debug = release
	line.separator = 

	logging.configuration = file:C:\Users\Flo\Documents\_Cours\REST API\API_REST_JAVA\wildfly-22.0.1.Final\standalone\configuration\logging.properties
	module.path = C:\Users\Flo\Documents\_Cours\REST API\API_REST_JAVA\wildfly-22.0.1.Final\modules
	org.jboss.boot.log.file = C:\Users\Flo\Documents\_Cours\REST API\API_REST_JAVA\wildfly-22.0.1.Final\standalone\log\boot.log
	org.jboss.logmanager.nocolor = true
	org.jboss.resolver.warning = true
	os.arch = amd64
	os.name = Windows 10
	os.version = 10.0
	path.separator = ;
	program.name = JBossTools: WildFly 22
	sun.arch.data.model = 64
	sun.boot.library.path = C:\Program Files\Java\jdk-13\bin
	sun.cpu.endian = little
	sun.cpu.isalist = amd64
	sun.io.unicode.encoding = UnicodeLittle
	sun.java.command = org.jboss.modules.Main -mp C:\Users\Flo\Documents\_Cours\REST API\API_REST_JAVA\wildfly-22.0.1.Final\modules org.jboss.as.standalone -b localhost --server-config=standalone.xml -Djboss.server.base.dir=C:\Users\Flo\Documents\_Cours\REST API\API_REST_JAVA\wildfly-22.0.1.Final\standalone
	sun.java.launcher = SUN_STANDARD
	sun.jnu.encoding = Cp1252
	sun.management.compiler = HotSpot 64-Bit Tiered Compilers
	sun.os.patch.level = 
	sun.rmi.dgc.client.gcInterval = 3600000
	sun.rmi.dgc.server.gcInterval = 3600000
	user.country = FR
	user.dir = C:\Users\Flo\Documents\_Cours\REST API\API_REST_JAVA\wildfly-22.0.1.Final\bin
	user.home = C:\Users\Flo
	user.language = fr
	user.name = Flo
	user.script = 
	user.timezone = Europe/Paris
	user.variant = 
2021-02-18 10:10:57,181 DEBUG [org.jboss.as.config] (MSC service thread 1-2) VM Arguments: -Dprogram.name=JBossTools: WildFly 22 -Xms64m -Xmx512m -Dorg.jboss.resolver.warning=true -Djava.net.preferIPv4Stack=true -Dsun.rmi.dgc.client.gcInterval=3600000 -Dsun.rmi.dgc.server.gcInterval=3600000 -Djboss.modules.system.pkgs=org.jboss.byteman -Djava.awt.headless=true -Dorg.jboss.boot.log.file=C:\Users\Flo\Documents\_Cours\REST API\API_REST_JAVA\wildfly-22.0.1.Final\standalone\log\boot.log -Dlogging.configuration=file:C:\Users\Flo\Documents\_Cours\REST API\API_REST_JAVA\wildfly-22.0.1.Final\standalone\configuration\logging.properties -Djboss.home.dir=C:\Users\Flo\Documents\_Cours\REST API\API_REST_JAVA\wildfly-22.0.1.Final -Dorg.jboss.logmanager.nocolor=true --add-exports=java.base/sun.nio.ch=ALL-UNNAMED --add-exports=jdk.unsupported/sun.misc=ALL-UNNAMED --add-exports=jdk.unsupported/sun.reflect=ALL-UNNAMED --add-modules=java.se -Djboss.bind.address.management=localhost -Dfile.encoding=UTF-8 
2021-02-18 10:10:58,903 INFO  [org.wildfly.security] (ServerService Thread Pool -- 28) ELY00001: WildFly Elytron version 1.14.1.Final
2021-02-18 10:10:59,926 INFO  [org.jboss.as.controller.management-deprecated] (Controller Boot Thread) WFLYCTL0028: Attribute 'security-realm' in the resource at address '/core-service=management/management-interface=http-interface' is deprecated, and may be removed in a future version. See the attribute description in the output of the read-resource-description operation to learn more about the deprecation.
2021-02-18 10:10:59,970 INFO  [org.jboss.as.controller.management-deprecated] (ServerService Thread Pool -- 31) WFLYCTL0028: Attribute 'security-realm' in the resource at address '/subsystem=undertow/server=default-server/https-listener=https' is deprecated, and may be removed in a future version. See the attribute description in the output of the read-resource-description operation to learn more about the deprecation.
2021-02-18 10:11:00,059 INFO  [org.jboss.as.server.deployment.scanner] (DeploymentScanner-threads - 1) WFLYDS0004: Found api_rest.war in deployment directory. To trigger deployment create a file called api_rest.war.dodeploy
2021-02-18 10:11:00,152 INFO  [org.jboss.as.server] (Controller Boot Thread) WFLYSRV0039: Creating http management service using socket-binding (management-http)
2021-02-18 10:11:00,187 INFO  [org.xnio] (MSC service thread 1-5) XNIO version 3.8.4.Final
2021-02-18 10:11:00,195 INFO  [org.xnio.nio] (MSC service thread 1-5) XNIO NIO Implementation Version 3.8.4.Final
2021-02-18 10:11:00,256 INFO  [org.jboss.as.clustering.infinispan] (ServerService Thread Pool -- 53) WFLYCLINF0001: Activating Infinispan subsystem.
2021-02-18 10:11:00,257 INFO  [org.wildfly.extension.health] (ServerService Thread Pool -- 52) WFLYHEALTH0001: Activating Base Health Subsystem
2021-02-18 10:11:00,293 INFO  [org.wildfly.extension.microprofile.opentracing] (ServerService Thread Pool -- 65) WFLYTRACEXT0001: Activating MicroProfile OpenTracing Subsystem
2021-02-18 10:11:00,282 WARN  [org.jboss.as.txn] (ServerService Thread Pool -- 74) WFLYTX0013: The node-identifier attribute on the /subsystem=transactions is set to the default value. This is a danger for environments running multiple servers. Please make sure the attribute value is unique.
2021-02-18 10:11:00,324 INFO  [org.jboss.as.security] (ServerService Thread Pool -- 72) WFLYSEC0002: Activating Security Subsystem
2021-02-18 10:11:00,309 INFO  [org.wildfly.extension.metrics] (ServerService Thread Pool -- 62) WFLYMETRICS0001: Activating Base Metrics Subsystem
2021-02-18 10:11:00,348 INFO  [org.jboss.as.naming] (ServerService Thread Pool -- 66) WFLYNAM0001: Activating Naming Subsystem
2021-02-18 10:11:00,348 INFO  [org.wildfly.extension.microprofile.config.smallrye._private] (ServerService Thread Pool -- 63) WFLYCONF0001: Activating WildFly MicroProfile Config Subsystem
2021-02-18 10:11:00,350 INFO  [org.jboss.as.webservices] (ServerService Thread Pool -- 76) WFLYWS0002: Activating WebServices Extension
2021-02-18 10:11:00,378 INFO  [org.wildfly.extension.microprofile.jwt.smallrye._private] (ServerService Thread Pool -- 64) WFLYJWT0001: Activating WildFly MicroProfile JWT Subsystem
2021-02-18 10:11:00,357 INFO  [org.jboss.as.jsf] (ServerService Thread Pool -- 60) WFLYJSF0007: Activated the following JSF Implementations: [main]
2021-02-18 10:11:00,437 INFO  [org.jboss.as.connector] (MSC service thread 1-1) WFLYJCA0009: Starting JCA Subsystem (WildFly/IronJacamar @VERSION@)
2021-02-18 10:11:00,406 INFO  [org.jboss.as.security] (MSC service thread 1-4) WFLYSEC0001: Current PicketBox version=5.0.3.Final-redhat-00007
2021-02-18 10:11:00,558 INFO  [org.jboss.as.connector.subsystems.datasources] (ServerService Thread Pool -- 44) WFLYJCA0004: Deploying JDBC-compliant driver class org.h2.Driver (version 1.4)
2021-02-18 10:11:00,727 INFO  [org.jboss.as.connector.deployers.jdbc] (MSC service thread 1-1) WFLYJCA0018: Started Driver service with driver-name = h2
2021-02-18 10:11:00,752 INFO  [org.wildfly.extension.undertow] (MSC service thread 1-6) WFLYUT0003: Undertow 2.2.4.Final starting
2021-02-18 10:11:00,758 INFO  [org.jboss.as.jaxrs] (ServerService Thread Pool -- 55) WFLYRS0016: RESTEasy version 3.14.0.Final
2021-02-18 10:11:00,789 INFO  [org.jboss.as.naming] (MSC service thread 1-1) WFLYNAM0003: Starting Naming Service
2021-02-18 10:11:00,877 INFO  [org.jboss.as.mail.extension] (MSC service thread 1-1) WFLYMAIL0001: Bound mail session [java:jboss/mail/Default]
2021-02-18 10:11:01,063 INFO  [org.wildfly.extension.undertow] (ServerService Thread Pool -- 75) WFLYUT0014: Creating file handler for path 'C:\Users\Flo\Documents\_Cours\REST API\API_REST_JAVA\wildfly-22.0.1.Final/welcome-content' with options [directory-listing: 'false', follow-symlink: 'false', case-sensitive: 'true', safe-symlink-paths: '[]']
2021-02-18 10:11:01,231 WARN  [org.wildfly.extension.elytron] (MSC service thread 1-7) WFLYELY00023: KeyStore file 'C:\Users\Flo\Documents\_Cours\REST API\API_REST_JAVA\wildfly-22.0.1.Final\standalone\configuration\application.keystore' does not exist. Used blank.
2021-02-18 10:11:01,260 WARN  [org.wildfly.extension.elytron] (MSC service thread 1-7) WFLYELY01084: KeyStore C:\Users\Flo\Documents\_Cours\REST API\API_REST_JAVA\wildfly-22.0.1.Final\standalone\configuration\application.keystore not found, it will be auto generated on first use with a self-signed certificate for host localhost
2021-02-18 10:11:02,284 INFO  [org.wildfly.extension.io] (ServerService Thread Pool -- 54) WFLYIO001: Worker 'default' has auto-configured to 8 IO threads with 64 max task threads based on your 4 available processors
2021-02-18 10:11:02,288 INFO  [org.jboss.as.ejb3] (MSC service thread 1-7) WFLYEJB0482: Strict pool mdb-strict-max-pool is using a max instance size of 16 (per class), which is derived from the number of CPUs on this host.
2021-02-18 10:11:02,288 INFO  [org.jboss.as.ejb3] (MSC service thread 1-2) WFLYEJB0481: Strict pool slsb-strict-max-pool is using a max instance size of 64 (per class), which is derived from thread worker pool sizing.
2021-02-18 10:11:02,324 INFO  [org.wildfly.extension.undertow] (MSC service thread 1-6) WFLYUT0012: Started server default-server.
2021-02-18 10:11:02,328 INFO  [org.wildfly.extension.undertow] (MSC service thread 1-3) WFLYUT0018: Host default-host starting
2021-02-18 10:11:02,329 INFO  [org.jboss.remoting] (MSC service thread 1-1) JBoss Remoting version 5.0.20.Final
2021-02-18 10:11:02,337 INFO  [org.jboss.as.patching] (MSC service thread 1-2) WFLYPAT0050: WildFly Full cumulative patch ID is: base, one-off patches include: none
2021-02-18 10:11:02,369 WARN  [org.jboss.as.domain.management.security] (MSC service thread 1-1) WFLYDM0111: Keystore C:\Users\Flo\Documents\_Cours\REST API\API_REST_JAVA\wildfly-22.0.1.Final\standalone\configuration\application.keystore not found, it will be auto generated on first use with a self signed certificate for host localhost
2021-02-18 10:11:02,379 INFO  [org.jboss.as.server.deployment.scanner] (MSC service thread 1-2) WFLYDS0013: Started FileSystemDeploymentService for directory C:\Users\Flo\Documents\_Cours\REST API\API_REST_JAVA\wildfly-22.0.1.Final\standalone\deployments
2021-02-18 10:11:02,427 INFO  [org.jboss.as.server.deployment] (MSC service thread 1-5) WFLYSRV0027: Starting deployment of "api_rest.war" (runtime-name: "api_rest.war")
2021-02-18 10:11:02,448 INFO  [org.wildfly.extension.undertow] (MSC service thread 1-6) WFLYUT0006: Undertow HTTP listener default listening on 127.0.0.1:8080
2021-02-18 10:11:02,725 INFO  [org.wildfly.extension.undertow] (MSC service thread 1-8) WFLYUT0006: Undertow HTTPS listener https listening on 127.0.0.1:8443
2021-02-18 10:11:02,745 INFO  [org.jboss.as.ejb3] (MSC service thread 1-5) WFLYEJB0493: EJB subsystem suspension complete
2021-02-18 10:11:02,928 INFO  [org.jboss.as.connector.subsystems.datasources] (MSC service thread 1-5) WFLYJCA0001: Bound data source [java:jboss/datasources/ExampleDS]
2021-02-18 10:11:03,036 INFO  [org.jboss.ws.common.management] (MSC service thread 1-8) JBWS022052: Starting JBossWS 5.4.2.Final (Apache CXF 3.3.7) 
2021-02-18 10:11:05,606 WARN  [org.jboss.as.jaxrs] (MSC service thread 1-5) WFLYRS0018: Explicit usage of Jackson annotation in a JAX-RS deployment; the system will disable JSON-B processing for the current deployment. Consider setting the 'resteasy.preferJacksonOverJsonB' property to 'false' to restore JSON-B.
2021-02-18 10:11:05,618 INFO  [org.jboss.as.connector.deployers.jdbc] (MSC service thread 1-5) WFLYJCA0005: Deploying non-JDBC-compliant driver class com.mysql.cj.jdbc.Driver (version 8.0)
2021-02-18 10:11:05,619 WARN  [org.jboss.weld.deployer] (MSC service thread 1-5) WFLYWELD0013: Deployment api_rest.war contains CDI annotations but no bean archive was found (no beans.xml or class with bean defining annotations was present).
2021-02-18 10:11:05,731 INFO  [org.jboss.as.connector.deployers.jdbc] (MSC service thread 1-5) WFLYJCA0018: Started Driver service with driver-name = api_rest.war_com.mysql.cj.jdbc.Driver_8_0
2021-02-18 10:11:05,971 INFO  [org.infinispan.CONTAINER] (ServerService Thread Pool -- 78) ISPN000128: Infinispan version: Infinispan 'Corona Extra' 11.0.8.Final
2021-02-18 10:11:06,087 INFO  [org.infinispan.CONFIG] (MSC service thread 1-5) ISPN000152: Passivation configured without an eviction policy being selected. Only manually evicted entities will be passivated.
2021-02-18 10:11:06,089 INFO  [org.infinispan.CONFIG] (MSC service thread 1-5) ISPN000152: Passivation configured without an eviction policy being selected. Only manually evicted entities will be passivated.
2021-02-18 10:11:06,216 INFO  [org.infinispan.PERSISTENCE] (ServerService Thread Pool -- 78) ISPN000556: Starting user marshaller 'org.wildfly.clustering.infinispan.spi.marshalling.InfinispanProtoStreamMarshaller'
2021-02-18 10:11:06,467 INFO  [org.jboss.as.clustering.infinispan] (ServerService Thread Pool -- 78) WFLYCLINF0002: Started http-remoting-connector cache from ejb container
2021-02-18 10:11:07,695 INFO  [org.wildfly.extension.undertow] (ServerService Thread Pool -- 80) WFLYUT0021: Registered web context: '/api_rest' for server 'default-server'
2021-02-18 10:11:07,779 INFO  [org.jboss.as.server] (ServerService Thread Pool -- 45) WFLYSRV0010: Deployed "api_rest.war" (runtime-name : "api_rest.war")
2021-02-18 10:11:07,869 INFO  [org.jboss.as.server] (Controller Boot Thread) WFLYSRV0212: Resuming server
2021-02-18 10:11:07,876 INFO  [org.jboss.as] (Controller Boot Thread) WFLYSRV0025: WildFly Full 22.0.1.Final (WildFly Core 14.0.1.Final) started in 12812ms - Started 424 of 626 services (350 services are lazy, passive or on-demand)
2021-02-18 10:11:07,879 INFO  [org.jboss.as] (Controller Boot Thread) WFLYSRV0060: Http management interface listening on http://127.0.0.1:9990/management
2021-02-18 10:11:07,881 INFO  [org.jboss.as] (Controller Boot Thread) WFLYSRV0051: Admin console listening on http://127.0.0.1:9990
2021-02-18 10:12:09,752 INFO  [stdout] (default task-1) com.mysql.cj.jdbc.exceptions.CommunicationsException: Communications link failure
2021-02-18 10:12:09,752 INFO  [stdout] (default task-1) 
2021-02-18 10:12:09,752 INFO  [stdout] (default task-1) The last packet sent successfully to the server was 0 milliseconds ago. The driver has not received any packets from the server.
